[Train][0] Loss: D 1.323 E_gan 0.993 E_pred 0.762
[Train][0] Acc: source 0.784 (6052.0/7715) target 0.305 (16015.0/52285)
[Train][1] Loss: D 1.276 E_gan 0.876 E_pred 0.265
[Train][1] Acc: source 0.923 (6915.0/7491) target 0.365 (19145.0/52509)
[Train][2] Loss: D 1.277 E_gan 0.841 E_pred 0.396
[Train][2] Acc: source 0.884 (6665.0/7539) target 0.434 (22833.0/52461)
[Train][3] Loss: D 1.231 E_gan 0.901 E_pred 0.351
[Train][3] Acc: source 0.890 (6686.0/7515) target 0.449 (23574.0/52485)
[Train][4] Loss: D 1.229 E_gan 0.933 E_pred 0.216
[Train][4] Acc: source 0.935 (7128.0/7625) target 0.454 (23804.0/52375)
[Train][5] Loss: D 1.221 E_gan 0.930 E_pred 0.174
[Train][5] Acc: source 0.946 (7074.0/7474) target 0.440 (23039.0/52526)
[Train][6] Loss: D 1.251 E_gan 0.911 E_pred 0.171
[Train][6] Acc: source 0.948 (7001.0/7386) target 0.421 (22168.0/52614)
[Train][7] Loss: D 1.215 E_gan 0.938 E_pred 0.159
[Train][7] Acc: source 0.952 (7133.0/7489) target 0.420 (22053.0/52511)
[Train][8] Loss: D 1.235 E_gan 0.926 E_pred 0.158
[Train][8] Acc: source 0.953 (7128.0/7483) target 0.409 (21440.0/52517)
[Train][9] Loss: D 1.239 E_gan 0.928 E_pred 0.148
[Train][9] Acc: source 0.954 (7234.0/7580) target 0.408 (21361.0/52420)

Eval MNIST: [0.955 0.671 0.22  0.307 0.4   0.362 0.225 0.63 ] src: 0.955 tgt:0.402
[Train][10] Loss: D 1.251 E_gan 0.903 E_pred 0.142
[Train][10] Acc: source 0.954 (7156.0/7504) target 0.404 (21130.0/52496)
[Train][11] Loss: D 1.240 E_gan 0.916 E_pred 0.144
[Train][11] Acc: source 0.957 (7169.0/7494) target 0.398 (20938.0/52506)
[Train][12] Loss: D 1.233 E_gan 0.932 E_pred 0.131
[Train][12] Acc: source 0.957 (7137.0/7455) target 0.403 (21122.0/52545)
[Train][13] Loss: D 1.250 E_gan 0.900 E_pred 0.136
[Train][13] Acc: source 0.961 (7203.0/7498) target 0.401 (21129.0/52502)
[Train][14] Loss: D 1.275 E_gan 0.875 E_pred 0.115
[Train][14] Acc: source 0.965 (7316.0/7582) target 0.414 (21654.0/52418)
[Train][15] Loss: D 1.265 E_gan 0.884 E_pred 0.112
[Train][15] Acc: source 0.963 (7172.0/7448) target 0.403 (21095.0/52552)
[Train][16] Loss: D 1.251 E_gan 0.899 E_pred 0.118
[Train][16] Acc: source 0.963 (7236.0/7515) target 0.392 (20541.0/52485)
[Train][17] Loss: D 1.265 E_gan 0.880 E_pred 0.124
[Train][17] Acc: source 0.963 (7334.0/7613) target 0.399 (20905.0/52387)
[Train][18] Loss: D 1.261 E_gan 0.901 E_pred 0.126
[Train][18] Acc: source 0.963 (7389.0/7675) target 0.397 (20770.0/52325)
[Train][19] Loss: D 1.263 E_gan 0.878 E_pred 0.122
[Train][19] Acc: source 0.964 (7181.0/7448) target 0.402 (21075.0/52552)

Eval MNIST: [0.968 0.686 0.208 0.287 0.394 0.377 0.22  0.664] src: 0.968 tgt:0.405
[Train][20] Loss: D 1.258 E_gan 0.892 E_pred 0.131
[Train][20] Acc: source 0.963 (7293.0/7573) target 0.398 (20822.0/52427)
[Train][21] Loss: D 1.257 E_gan 0.895 E_pred 0.113
[Train][21] Acc: source 0.966 (7254.0/7512) target 0.400 (20952.0/52488)
[Train][22] Loss: D 1.252 E_gan 0.927 E_pred 0.133
[Train][22] Acc: source 0.961 (7273.0/7572) target 0.392 (20548.0/52428)
[Train][23] Loss: D 1.267 E_gan 0.878 E_pred 0.108
[Train][23] Acc: source 0.965 (7136.0/7398) target 0.408 (21512.0/52602)
[Train][24] Loss: D 1.254 E_gan 0.917 E_pred 0.108
[Train][24] Acc: source 0.968 (7102.0/7340) target 0.407 (21433.0/52660)
[Train][25] Loss: D 1.267 E_gan 0.900 E_pred 0.121
[Train][25] Acc: source 0.962 (7309.0/7596) target 0.410 (21422.0/52404)
[Train][26] Loss: D 1.274 E_gan 0.871 E_pred 0.116
[Train][26] Acc: source 0.967 (7199.0/7447) target 0.415 (21726.0/52553)
[Train][27] Loss: D 1.266 E_gan 0.878 E_pred 0.115
[Train][27] Acc: source 0.967 (7218.0/7465) target 0.418 (21985.0/52535)
[Train][28] Loss: D 1.260 E_gan 0.882 E_pred 0.106
[Train][28] Acc: source 0.969 (7268.0/7504) target 0.415 (21689.0/52496)
[Train][29] Loss: D 1.264 E_gan 0.884 E_pred 0.107
[Train][29] Acc: source 0.970 (7225.0/7452) target 0.403 (21168.0/52548)

Eval MNIST: [0.972 0.671 0.221 0.313 0.398 0.351 0.221 0.7  ] src: 0.972 tgt:0.411
[Train][30] Loss: D 1.271 E_gan 0.887 E_pred 0.102
[Train][30] Acc: source 0.971 (7127.0/7340) target 0.402 (21140.0/52660)
[Train][31] Loss: D 1.274 E_gan 0.879 E_pred 0.113
[Train][31] Acc: source 0.967 (7310.0/7559) target 0.409 (21478.0/52441)
[Train][32] Loss: D 1.236 E_gan 0.925 E_pred 0.095
[Train][32] Acc: source 0.970 (7355.0/7580) target 0.404 (21165.0/52420)
[Train][33] Loss: D 1.265 E_gan 0.886 E_pred 0.101
[Train][33] Acc: source 0.970 (7209.0/7430) target 0.406 (21392.0/52570)
[Train][34] Loss: D 1.260 E_gan 0.898 E_pred 0.111
[Train][34] Acc: source 0.967 (7304.0/7550) target 0.406 (21358.0/52450)
[Train][35] Loss: D 1.259 E_gan 0.912 E_pred 0.118
[Train][35] Acc: source 0.966 (7277.0/7534) target 0.406 (21284.0/52466)
[Train][36] Loss: D 1.259 E_gan 0.886 E_pred 0.097
[Train][36] Acc: source 0.970 (7384.0/7612) target 0.409 (21506.0/52388)
[Train][37] Loss: D 1.266 E_gan 0.904 E_pred 0.100
[Train][37] Acc: source 0.971 (7190.0/7408) target 0.406 (21298.0/52592)
[Train][38] Loss: D 1.278 E_gan 0.876 E_pred 0.104
[Train][38] Acc: source 0.970 (7295.0/7521) target 0.415 (21718.0/52479)
[Train][39] Loss: D 1.277 E_gan 0.866 E_pred 0.107
[Train][39] Acc: source 0.969 (7154.0/7386) target 0.418 (22093.0/52614)

Eval MNIST: [0.97  0.714 0.226 0.301 0.376 0.359 0.215 0.631] src: 0.97 tgt:0.403
[Train][40] Loss: D 1.272 E_gan 0.874 E_pred 0.102
[Train][40] Acc: source 0.970 (7220.0/7446) target 0.412 (21676.0/52554)
[Train][41] Loss: D 1.276 E_gan 0.871 E_pred 0.099
[Train][41] Acc: source 0.970 (7155.0/7375) target 0.417 (21923.0/52625)
[Train][42] Loss: D 1.268 E_gan 0.880 E_pred 0.109
[Train][42] Acc: source 0.968 (7287.0/7530) target 0.418 (21907.0/52470)
[Train][43] Loss: D 1.263 E_gan 0.893 E_pred 0.106
[Train][43] Acc: source 0.970 (7250.0/7472) target 0.420 (22092.0/52528)
[Train][44] Loss: D 1.249 E_gan 0.930 E_pred 0.109
[Train][44] Acc: source 0.968 (7345.0/7591) target 0.436 (22843.0/52409)
[Train][45] Loss: D 1.263 E_gan 0.888 E_pred 0.091
[Train][45] Acc: source 0.972 (7311.0/7519) target 0.446 (23409.0/52481)
[Train][46] Loss: D 1.280 E_gan 0.861 E_pred 0.094
[Train][46] Acc: source 0.970 (7249.0/7471) target 0.445 (23384.0/52529)
[Train][47] Loss: D 1.283 E_gan 0.866 E_pred 0.097
[Train][47] Acc: source 0.971 (7240.0/7455) target 0.450 (23571.0/52545)
[Train][48] Loss: D 1.270 E_gan 0.889 E_pred 0.101
[Train][48] Acc: source 0.970 (7224.0/7444) target 0.446 (23459.0/52556)
[Train][49] Loss: D 1.273 E_gan 0.877 E_pred 0.089
[Train][49] Acc: source 0.973 (7307.0/7513) target 0.447 (23453.0/52487)

Eval MNIST: [0.973 0.711 0.286 0.337 0.413 0.384 0.285 0.733] src: 0.973 tgt:0.45
[Train][50] Loss: D 1.268 E_gan 0.900 E_pred 0.092
[Train][50] Acc: source 0.972 (7342.0/7552) target 0.442 (23135.0/52448)
[Train][51] Loss: D 1.271 E_gan 0.876 E_pred 0.081
[Train][51] Acc: source 0.975 (7295.0/7485) target 0.438 (23028.0/52515)
[Train][52] Loss: D 1.268 E_gan 0.900 E_pred 0.098
[Train][52] Acc: source 0.971 (7260.0/7475) target 0.434 (22774.0/52525)
[Train][53] Loss: D 1.248 E_gan 0.924 E_pred 0.102
[Train][53] Acc: source 0.968 (7221.0/7456) target 0.424 (22394.0/52544)
[Train][54] Loss: D 1.256 E_gan 0.907 E_pred 0.099
[Train][54] Acc: source 0.971 (7366.0/7584) target 0.433 (22682.0/52416)
[Train][55] Loss: D 1.265 E_gan 0.898 E_pred 0.095
[Train][55] Acc: source 0.971 (7439.0/7662) target 0.428 (22458.0/52338)
[Train][56] Loss: D 1.266 E_gan 0.885 E_pred 0.084
[Train][56] Acc: source 0.973 (7287.0/7489) target 0.433 (22757.0/52511)
[Train][57] Loss: D 1.274 E_gan 0.884 E_pred 0.086
[Train][57] Acc: source 0.975 (7283.0/7466) target 0.424 (22259.0/52534)
[Train][58] Loss: D 1.270 E_gan 0.886 E_pred 0.089
[Train][58] Acc: source 0.975 (7300.0/7487) target 0.417 (21957.0/52513)
[Train][59] Loss: D 1.281 E_gan 0.866 E_pred 0.084
[Train][59] Acc: source 0.975 (7274.0/7462) target 0.419 (22053.0/52538)

Eval MNIST: [0.981 0.729 0.231 0.327 0.399 0.369 0.239 0.667] src: 0.981 tgt:0.423
[Train][60] Loss: D 1.267 E_gan 0.896 E_pred 0.087
[Train][60] Acc: source 0.975 (7234.0/7422) target 0.420 (22033.0/52578)
[Train][61] Loss: D 1.276 E_gan 0.876 E_pred 0.089
[Train][61] Acc: source 0.972 (7238.0/7446) target 0.409 (21454.0/52554)
[Train][62] Loss: D 1.263 E_gan 0.902 E_pred 0.085
[Train][62] Acc: source 0.975 (7195.0/7379) target 0.403 (21231.0/52621)
[Train][63] Loss: D 1.273 E_gan 0.891 E_pred 0.085
[Train][63] Acc: source 0.976 (7361.0/7543) target 0.404 (21247.0/52457)
[Train][64] Loss: D 1.271 E_gan 0.894 E_pred 0.092
[Train][64] Acc: source 0.974 (7274.0/7465) target 0.414 (21823.0/52535)
[Train][65] Loss: D 1.282 E_gan 0.866 E_pred 0.089
[Train][65] Acc: source 0.978 (7466.0/7631) target 0.406 (21372.0/52369)
[Train][66] Loss: D 1.277 E_gan 0.876 E_pred 0.092
[Train][66] Acc: source 0.973 (7266.0/7467) target 0.401 (21054.0/52533)
[Train][67] Loss: D 1.272 E_gan 0.887 E_pred 0.100
[Train][67] Acc: source 0.970 (7306.0/7530) target 0.405 (21292.0/52470)
[Train][68] Loss: D 1.278 E_gan 0.883 E_pred 0.091
[Train][68] Acc: source 0.974 (7243.0/7433) target 0.400 (21021.0/52567)
[Train][69] Loss: D 1.271 E_gan 0.880 E_pred 0.095
[Train][69] Acc: source 0.973 (7433.0/7643) target 0.400 (20834.0/52357)

Eval MNIST: [0.971 0.629 0.181 0.304 0.386 0.289 0.186 0.688] src: 0.971 tgt:0.38
[Train][70] Loss: D 1.265 E_gan 0.905 E_pred 0.092
[Train][70] Acc: source 0.973 (7137.0/7338) target 0.393 (20701.0/52662)
[Train][71] Loss: D 1.293 E_gan 0.856 E_pred 0.082
[Train][71] Acc: source 0.976 (7263.0/7440) target 0.407 (21398.0/52560)
[Train][72] Loss: D 1.277 E_gan 0.864 E_pred 0.090
[Train][72] Acc: source 0.975 (7340.0/7526) target 0.405 (21319.0/52474)
[Train][73] Loss: D 1.289 E_gan 0.856 E_pred 0.076
[Train][73] Acc: source 0.979 (7372.0/7532) target 0.399 (20931.0/52468)
[Train][74] Loss: D 1.283 E_gan 0.863 E_pred 0.089
[Train][74] Acc: source 0.973 (7334.0/7534) target 0.406 (21336.0/52466)
[Train][75] Loss: D 1.280 E_gan 0.867 E_pred 0.091
[Train][75] Acc: source 0.973 (7211.0/7411) target 0.410 (21569.0/52589)
[Train][76] Loss: D 1.273 E_gan 0.884 E_pred 0.087
[Train][76] Acc: source 0.977 (7223.0/7391) target 0.405 (21297.0/52609)
[Train][77] Loss: D 1.273 E_gan 0.880 E_pred 0.088
[Train][77] Acc: source 0.977 (7275.0/7446) target 0.406 (21350.0/52554)
[Train][78] Loss: D 1.278 E_gan 0.873 E_pred 0.078
[Train][78] Acc: source 0.976 (7350.0/7531) target 0.403 (21135.0/52469)
[Train][79] Loss: D 1.287 E_gan 0.856 E_pred 0.090
[Train][79] Acc: source 0.974 (7304.0/7498) target 0.403 (21140.0/52502)

Eval MNIST: [0.979 0.701 0.205 0.314 0.398 0.349 0.197 0.684] src: 0.979 tgt:0.407
[Train][80] Loss: D 1.290 E_gan 0.856 E_pred 0.088
[Train][80] Acc: source 0.975 (7417.0/7611) target 0.403 (21052.0/52389)
[Train][81] Loss: D 1.288 E_gan 0.859 E_pred 0.074
[Train][81] Acc: source 0.979 (7333.0/7489) target 0.400 (21075.0/52511)
[Train][82] Loss: D 1.294 E_gan 0.853 E_pred 0.079
[Train][82] Acc: source 0.977 (7144.0/7310) target 0.398 (21005.0/52690)
[Train][83] Loss: D 1.279 E_gan 0.877 E_pred 0.086
[Train][83] Acc: source 0.976 (7303.0/7482) target 0.406 (21357.0/52518)
[Train][84] Loss: D 1.271 E_gan 0.885 E_pred 0.091
[Train][84] Acc: source 0.973 (7284.0/7486) target 0.401 (21021.0/52514)
[Train][85] Loss: D 1.282 E_gan 0.872 E_pred 0.088
[Train][85] Acc: source 0.975 (7346.0/7534) target 0.407 (21320.0/52466)
[Train][86] Loss: D 1.287 E_gan 0.867 E_pred 0.082
[Train][86] Acc: source 0.977 (7242.0/7416) target 0.406 (21370.0/52584)
[Train][87] Loss: D 1.280 E_gan 0.877 E_pred 0.082
[Train][87] Acc: source 0.977 (7252.0/7424) target 0.408 (21460.0/52576)
[Train][88] Loss: D 1.290 E_gan 0.865 E_pred 0.074
[Train][88] Acc: source 0.977 (7335.0/7505) target 0.402 (21132.0/52495)
[Train][89] Loss: D 1.280 E_gan 0.870 E_pred 0.085
[Train][89] Acc: source 0.978 (7389.0/7559) target 0.402 (21016.0/52441)

Eval MNIST: [0.978 0.693 0.196 0.299 0.356 0.322 0.206 0.676] src: 0.978 tgt:0.392
[Train][90] Loss: D 1.282 E_gan 0.872 E_pred 0.080
[Train][90] Acc: source 0.979 (7257.0/7414) target 0.400 (21037.0/52586)
[Train][91] Loss: D 1.277 E_gan 0.870 E_pred 0.078
[Train][91] Acc: source 0.979 (7429.0/7587) target 0.402 (21035.0/52413)
[Train][92] Loss: D 1.276 E_gan 0.866 E_pred 0.080
[Train][92] Acc: source 0.979 (7465.0/7629) target 0.407 (21273.0/52371)
[Train][93] Loss: D 1.284 E_gan 0.867 E_pred 0.094
[Train][93] Acc: source 0.974 (7288.0/7483) target 0.402 (21070.0/52517)
[Train][94] Loss: D 1.287 E_gan 0.855 E_pred 0.092
[Train][94] Acc: source 0.977 (7348.0/7524) target 0.404 (21191.0/52476)
[Train][95] Loss: D 1.295 E_gan 0.852 E_pred 0.085
[Train][95] Acc: source 0.974 (7448.0/7650) target 0.407 (21239.0/52350)
[Train][96] Loss: D 1.277 E_gan 0.864 E_pred 0.086
[Train][96] Acc: source 0.977 (7405.0/7578) target 0.405 (21280.0/52422)
[Train][97] Loss: D 1.289 E_gan 0.864 E_pred 0.080
[Train][97] Acc: source 0.977 (7195.0/7363) target 0.408 (21470.0/52637)
[Train][98] Loss: D 1.281 E_gan 0.867 E_pred 0.074
[Train][98] Acc: source 0.980 (7461.0/7610) target 0.407 (21271.0/52390)
[Train][99] Loss: D 1.285 E_gan 0.866 E_pred 0.078
[Train][99] Acc: source 0.976 (7256.0/7436) target 0.403 (21207.0/52564)

Eval MNIST: [0.976 0.707 0.222 0.326 0.382 0.315 0.209 0.658] src: 0.976 tgt:0.403
