[Train][0] Loss: D 0.109 E_gan -0.096 E_pred 0.920
[Train][0] Acc: source 0.742 (5556.0/7491) target 0.473 (24840.0/52509)
[Train][0] Loss: D 0.106 E_gan -0.092 E_pred 0.758
[Train][0] Acc: source 0.789 (5917.0/7496) target 0.404 (21186.0/52504)
[Train][1] Loss: D 0.077 E_gan -0.073 E_pred 0.190
[Train][1] Acc: source 0.942 (7051.0/7486) target 0.510 (26769.0/52514)
[Train][2] Loss: D 0.081 E_gan -0.078 E_pred 0.159
[Train][2] Acc: source 0.953 (7103.0/7453) target 0.546 (28697.0/52547)
[Train][3] Loss: D 0.082 E_gan -0.080 E_pred 0.129
[Train][3] Acc: source 0.962 (7314.0/7601) target 0.550 (28820.0/52399)
[Train][4] Loss: D 0.079 E_gan -0.076 E_pred 0.123
[Train][4] Acc: source 0.963 (7263.0/7540) target 0.472 (24784.0/52460)
[Train][5] Loss: D 0.082 E_gan -0.080 E_pred 0.098
[Train][5] Acc: source 0.970 (7336.0/7563) target 0.501 (26198.0/52437)
[Train][6] Loss: D 0.082 E_gan -0.080 E_pred 0.115
[Train][6] Acc: source 0.967 (7301.0/7554) target 0.499 (26230.0/52446)
[Train][7] Loss: D 0.081 E_gan -0.079 E_pred 0.089
[Train][7] Acc: source 0.972 (7273.0/7479) target 0.533 (27914.0/52521)
[Train][8] Loss: D 0.083 E_gan -0.081 E_pred 0.082
[Train][8] Acc: source 0.976 (7286.0/7464) target 0.535 (28060.0/52536)
[Train][9] Loss: D 0.085 E_gan -0.083 E_pred 0.084
[Train][9] Acc: source 0.972 (7384.0/7597) target 0.530 (27754.0/52403)

Eval MNIST: [0.978 0.77  0.33  0.346 0.358 0.373 0.557 0.905] src: 0.978 tgt:0.52
[Train][10] Loss: D 0.082 E_gan -0.081 E_pred 0.101
[Train][10] Acc: source 0.970 (7224.0/7446) target 0.519 (27224.0/52554)
[Train][11] Loss: D 0.083 E_gan -0.081 E_pred 0.086
[Train][11] Acc: source 0.973 (7233.0/7432) target 0.519 (27276.0/52568)
[Train][12] Loss: D 0.083 E_gan -0.082 E_pred 0.070
[Train][12] Acc: source 0.979 (7338.0/7496) target 0.529 (27762.0/52504)
[Train][13] Loss: D 0.084 E_gan -0.083 E_pred 0.076
[Train][13] Acc: source 0.979 (7383.0/7541) target 0.534 (28045.0/52459)
[Train][14] Loss: D 0.085 E_gan -0.083 E_pred 0.052
[Train][14] Acc: source 0.984 (7353.0/7474) target 0.542 (28446.0/52526)
[Train][15] Loss: D 0.085 E_gan -0.084 E_pred 0.072
[Train][15] Acc: source 0.978 (7396.0/7562) target 0.540 (28331.0/52438)
[Train][16] Loss: D 0.086 E_gan -0.084 E_pred 0.076
[Train][16] Acc: source 0.979 (7327.0/7482) target 0.541 (28473.0/52518)
[Train][17] Loss: D 0.085 E_gan -0.084 E_pred 0.071
[Train][17] Acc: source 0.978 (7312.0/7478) target 0.557 (29294.0/52522)
[Train][18] Loss: D 0.084 E_gan -0.082 E_pred 0.071
[Train][18] Acc: source 0.979 (7332.0/7490) target 0.537 (28121.0/52510)
[Train][19] Loss: D 0.085 E_gan -0.083 E_pred 0.073
[Train][19] Acc: source 0.978 (7428.0/7594) target 0.553 (29043.0/52406)

Eval MNIST: [0.983 0.766 0.336 0.371 0.407 0.413 0.627 0.924] src: 0.983 tgt:0.549
[Train][20] Loss: D 0.086 E_gan -0.084 E_pred 0.072
[Train][20] Acc: source 0.979 (7252.0/7407) target 0.532 (28086.0/52593)
[Train][21] Loss: D 0.084 E_gan -0.083 E_pred 0.060
[Train][21] Acc: source 0.982 (7326.0/7463) target 0.541 (28415.0/52537)
[Train][22] Loss: D 0.085 E_gan -0.084 E_pred 0.066
[Train][22] Acc: source 0.980 (7416.0/7569) target 0.537 (28081.0/52431)
[Train][23] Loss: D 0.086 E_gan -0.085 E_pred 0.053
[Train][23] Acc: source 0.984 (7202.0/7319) target 0.549 (28900.0/52681)
[Train][24] Loss: D 0.086 E_gan -0.085 E_pred 0.059
[Train][24] Acc: source 0.983 (7294.0/7417) target 0.552 (29053.0/52583)
[Train][25] Loss: D 0.086 E_gan -0.085 E_pred 0.059
[Train][25] Acc: source 0.982 (7492.0/7626) target 0.558 (29228.0/52374)
[Train][26] Loss: D 0.086 E_gan -0.085 E_pred 0.053
[Train][26] Acc: source 0.983 (7503.0/7634) target 0.560 (29405.0/52366)
[Train][27] Loss: D 0.088 E_gan -0.087 E_pred 0.055
[Train][27] Acc: source 0.983 (7296.0/7419) target 0.551 (29033.0/52581)
[Train][28] Loss: D 0.086 E_gan -0.085 E_pred 0.062
[Train][28] Acc: source 0.982 (7284.0/7414) target 0.568 (29821.0/52586)
[Train][29] Loss: D 0.087 E_gan -0.086 E_pred 0.056
[Train][29] Acc: source 0.983 (7455.0/7581) target 0.564 (29562.0/52419)

Eval MNIST: [0.989 0.825 0.338 0.367 0.424 0.454 0.677 0.934] src: 0.989 tgt:0.574
[Train][30] Loss: D 0.088 E_gan -0.087 E_pred 0.051
[Train][30] Acc: source 0.983 (7495.0/7626) target 0.568 (29719.0/52374)
[Train][31] Loss: D 0.087 E_gan -0.086 E_pred 0.048
[Train][31] Acc: source 0.986 (7496.0/7601) target 0.570 (29850.0/52399)
[Train][32] Loss: D 0.086 E_gan -0.085 E_pred 0.047
[Train][32] Acc: source 0.986 (7353.0/7461) target 0.547 (28824.0/52539)
[Train][33] Loss: D 0.085 E_gan -0.084 E_pred 0.057
[Train][33] Acc: source 0.983 (7362.0/7493) target 0.526 (27578.0/52507)
[Train][34] Loss: D 0.085 E_gan -0.085 E_pred 0.051
[Train][34] Acc: source 0.985 (7369.0/7484) target 0.547 (28778.0/52516)
[Train][35] Loss: D 0.085 E_gan -0.084 E_pred 0.052
[Train][35] Acc: source 0.984 (7437.0/7559) target 0.551 (28891.0/52441)
[Train][36] Loss: D 0.086 E_gan -0.085 E_pred 0.056
[Train][36] Acc: source 0.983 (7531.0/7661) target 0.557 (29166.0/52339)
[Train][37] Loss: D 0.086 E_gan -0.085 E_pred 0.047
[Train][37] Acc: source 0.985 (7298.0/7410) target 0.570 (30025.0/52590)
[Train][38] Loss: D 0.086 E_gan -0.085 E_pred 0.047
[Train][38] Acc: source 0.986 (7253.0/7357) target 0.568 (29935.0/52643)
[Train][39] Loss: D 0.085 E_gan -0.084 E_pred 0.050
[Train][39] Acc: source 0.985 (7330.0/7440) target 0.557 (29292.0/52560)

Eval MNIST: [0.988 0.84  0.406 0.409 0.441 0.458 0.541 0.877] src: 0.988 tgt:0.567
[Train][40] Loss: D 0.086 E_gan -0.085 E_pred 0.060
[Train][40] Acc: source 0.984 (7322.0/7444) target 0.561 (29540.0/52556)
[Train][41] Loss: D 0.085 E_gan -0.084 E_pred 0.045
[Train][41] Acc: source 0.987 (7432.0/7529) target 0.548 (28730.0/52471)
[Train][42] Loss: D 0.086 E_gan -0.085 E_pred 0.047
[Train][42] Acc: source 0.987 (7505.0/7606) target 0.561 (29387.0/52394)
[Train][43] Loss: D 0.086 E_gan -0.086 E_pred 0.041
[Train][43] Acc: source 0.987 (7421.0/7517) target 0.561 (29445.0/52483)
[Train][44] Loss: D 0.086 E_gan -0.085 E_pred 0.054
[Train][44] Acc: source 0.986 (7397.0/7504) target 0.570 (29880.0/52496)
[Train][45] Loss: D 0.087 E_gan -0.087 E_pred 0.045
[Train][45] Acc: source 0.987 (7433.0/7534) target 0.571 (29984.0/52466)
[Train][46] Loss: D 0.086 E_gan -0.085 E_pred 0.042
[Train][46] Acc: source 0.987 (7250.0/7348) target 0.568 (29906.0/52652)
[Train][47] Loss: D 0.085 E_gan -0.084 E_pred 0.039
[Train][47] Acc: source 0.988 (7416.0/7504) target 0.561 (29400.0/52496)
[Train][48] Loss: D 0.086 E_gan -0.085 E_pred 0.048
[Train][48] Acc: source 0.987 (7533.0/7630) target 0.567 (29706.0/52370)
[Train][49] Loss: D 0.085 E_gan -0.085 E_pred 0.053
[Train][49] Acc: source 0.985 (7431.0/7546) target 0.552 (29013.0/52454)

Eval MNIST: [0.99  0.825 0.39  0.419 0.452 0.484 0.544 0.835] src: 0.99 tgt:0.564
[Train][50] Loss: D 0.085 E_gan -0.084 E_pred 0.040
[Train][50] Acc: source 0.988 (7198.0/7287) target 0.558 (29362.0/52713)
[Train][51] Loss: D 0.085 E_gan -0.084 E_pred 0.050
[Train][51] Acc: source 0.987 (7420.0/7521) target 0.562 (29498.0/52479)
[Train][52] Loss: D 0.087 E_gan -0.086 E_pred 0.045
[Train][52] Acc: source 0.987 (7269.0/7368) target 0.574 (30227.0/52632)
[Train][53] Loss: D 0.086 E_gan -0.085 E_pred 0.045
[Train][53] Acc: source 0.987 (7376.0/7471) target 0.567 (29807.0/52529)
[Train][54] Loss: D 0.086 E_gan -0.085 E_pred 0.045
[Train][54] Acc: source 0.989 (7296.0/7379) target 0.568 (29833.0/52621)
[Train][55] Loss: D 0.086 E_gan -0.085 E_pred 0.041
[Train][55] Acc: source 0.986 (7423.0/7525) target 0.554 (29079.0/52475)
[Train][56] Loss: D 0.088 E_gan -0.087 E_pred 0.034
[Train][56] Acc: source 0.990 (7499.0/7572) target 0.572 (29957.0/52428)
[Train][57] Loss: D 0.087 E_gan -0.086 E_pred 0.037
[Train][57] Acc: source 0.990 (7383.0/7459) target 0.582 (30583.0/52541)
[Train][58] Loss: D 0.087 E_gan -0.086 E_pred 0.033
[Train][58] Acc: source 0.990 (7264.0/7334) target 0.576 (30385.0/52666)
[Train][59] Loss: D 0.087 E_gan -0.087 E_pred 0.041
[Train][59] Acc: source 0.988 (7212.0/7300) target 0.574 (30157.0/52700)

Eval MNIST: [0.991 0.838 0.396 0.425 0.469 0.496 0.56  0.861] src: 0.991 tgt:0.578
[Train][60] Loss: D 0.087 E_gan -0.086 E_pred 0.040
[Train][60] Acc: source 0.989 (7495.0/7582) target 0.579 (30312.0/52418)
[Train][61] Loss: D 0.087 E_gan -0.087 E_pred 0.031
[Train][61] Acc: source 0.991 (7426.0/7494) target 0.584 (30660.0/52506)
[Train][62] Loss: D 0.087 E_gan -0.087 E_pred 0.032
[Train][62] Acc: source 0.991 (7560.0/7629) target 0.580 (30370.0/52371)
[Train][63] Loss: D 0.088 E_gan -0.088 E_pred 0.032
[Train][63] Acc: source 0.990 (7382.0/7460) target 0.587 (30797.0/52540)
[Train][64] Loss: D 0.089 E_gan -0.088 E_pred 0.040
[Train][64] Acc: source 0.990 (7364.0/7442) target 0.591 (31010.0/52558)
[Train][65] Loss: D 0.088 E_gan -0.087 E_pred 0.040
[Train][65] Acc: source 0.988 (7400.0/7487) target 0.592 (31094.0/52513)
[Train][66] Loss: D 0.088 E_gan -0.087 E_pred 0.039
[Train][66] Acc: source 0.990 (7421.0/7495) target 0.585 (30717.0/52505)
[Train][67] Loss: D 0.088 E_gan -0.087 E_pred 0.035
[Train][67] Acc: source 0.990 (7572.0/7650) target 0.577 (30195.0/52350)
[Train][68] Loss: D 0.089 E_gan -0.088 E_pred 0.034
[Train][68] Acc: source 0.992 (7371.0/7432) target 0.577 (30334.0/52568)
[Train][69] Loss: D 0.088 E_gan -0.087 E_pred 0.027
[Train][69] Acc: source 0.992 (7481.0/7540) target 0.584 (30627.0/52460)

Eval MNIST: [0.992 0.817 0.407 0.451 0.491 0.507 0.573 0.864] src: 0.992 tgt:0.587
[Train][70] Loss: D 0.088 E_gan -0.087 E_pred 0.028
[Train][70] Acc: source 0.992 (7544.0/7603) target 0.589 (30871.0/52397)
[Train][71] Loss: D 0.089 E_gan -0.088 E_pred 0.030
[Train][71] Acc: source 0.991 (7586.0/7656) target 0.597 (31221.0/52344)
[Train][72] Loss: D 0.089 E_gan -0.088 E_pred 0.032
[Train][72] Acc: source 0.990 (7481.0/7558) target 0.600 (31436.0/52442)
[Train][73] Loss: D 0.089 E_gan -0.088 E_pred 0.029
[Train][73] Acc: source 0.991 (7478.0/7544) target 0.601 (31498.0/52456)
[Train][74] Loss: D 0.089 E_gan -0.089 E_pred 0.029
[Train][74] Acc: source 0.991 (7408.0/7476) target 0.604 (31785.0/52524)
[Train][75] Loss: D 0.089 E_gan -0.088 E_pred 0.037
[Train][75] Acc: source 0.989 (7472.0/7557) target 0.602 (31568.0/52443)
[Train][76] Loss: D 0.088 E_gan -0.088 E_pred 0.033
[Train][76] Acc: source 0.991 (7541.0/7610) target 0.602 (31501.0/52390)
[Train][77] Loss: D 0.089 E_gan -0.088 E_pred 0.029
[Train][77] Acc: source 0.992 (7452.0/7512) target 0.586 (30765.0/52488)
[Train][78] Loss: D 0.088 E_gan -0.088 E_pred 0.020
[Train][78] Acc: source 0.995 (7514.0/7553) target 0.574 (30066.0/52447)
[Train][79] Loss: D 0.089 E_gan -0.088 E_pred 0.031
[Train][79] Acc: source 0.991 (7450.0/7521) target 0.559 (29363.0/52479)

Eval MNIST: [0.992 0.808 0.308 0.374 0.464 0.487 0.567 0.892] src: 0.992 tgt:0.557
[Train][80] Loss: D 0.088 E_gan -0.088 E_pred 0.026
[Train][80] Acc: source 0.992 (7403.0/7460) target 0.565 (29686.0/52540)
[Train][81] Loss: D 0.089 E_gan -0.088 E_pred 0.034
[Train][81] Acc: source 0.990 (7356.0/7429) target 0.580 (30477.0/52571)
[Train][82] Loss: D 0.090 E_gan -0.089 E_pred 0.030
[Train][82] Acc: source 0.992 (7355.0/7412) target 0.585 (30807.0/52588)
[Train][83] Loss: D 0.088 E_gan -0.087 E_pred 0.031
[Train][83] Acc: source 0.991 (7275.0/7341) target 0.585 (30756.0/52659)
[Train][84] Loss: D 0.089 E_gan -0.089 E_pred 0.027
[Train][84] Acc: source 0.993 (7309.0/7362) target 0.574 (30249.0/52638)
[Train][85] Loss: D 0.090 E_gan -0.089 E_pred 0.028
[Train][85] Acc: source 0.992 (7391.0/7449) target 0.585 (30801.0/52551)
[Train][86] Loss: D 0.088 E_gan -0.088 E_pred 0.022
[Train][86] Acc: source 0.994 (7319.0/7360) target 0.584 (30648.0/52640)
[Train][87] Loss: D 0.089 E_gan -0.089 E_pred 0.023
[Train][87] Acc: source 0.993 (7354.0/7406) target 0.576 (30288.0/52594)
[Train][88] Loss: D 0.088 E_gan -0.088 E_pred 0.025
[Train][88] Acc: source 0.993 (7370.0/7424) target 0.562 (29552.0/52576)
[Train][89] Loss: D 0.088 E_gan -0.088 E_pred 0.025
[Train][89] Acc: source 0.993 (7551.0/7601) target 0.572 (29964.0/52399)

Eval MNIST: [0.995 0.857 0.355 0.454 0.483 0.494 0.571 0.856] src: 0.995 tgt:0.581
[Train][90] Loss: D 0.088 E_gan -0.087 E_pred 0.023
[Train][90] Acc: source 0.994 (7561.0/7606) target 0.580 (30305.0/52394)
[Train][91] Loss: D 0.089 E_gan -0.088 E_pred 0.029
[Train][91] Acc: source 0.991 (7432.0/7503) target 0.574 (30143.0/52497)
[Train][92] Loss: D 0.088 E_gan -0.088 E_pred 0.027
[Train][92] Acc: source 0.992 (7523.0/7580) target 0.557 (29222.0/52420)
[Train][93] Loss: D 0.087 E_gan -0.087 E_pred 0.023
[Train][93] Acc: source 0.993 (7515.0/7567) target 0.564 (29602.0/52433)
[Train][94] Loss: D 0.089 E_gan -0.088 E_pred 0.024
[Train][94] Acc: source 0.992 (7372.0/7428) target 0.565 (29794.0/52572)
[Train][95] Loss: D 0.089 E_gan -0.088 E_pred 0.020
[Train][95] Acc: source 0.995 (7520.0/7556) target 0.578 (30380.0/52444)
[Train][96] Loss: D 0.087 E_gan -0.086 E_pred 0.021
[Train][96] Acc: source 0.994 (7417.0/7460) target 0.572 (30007.0/52540)
[Train][97] Loss: D 0.088 E_gan -0.088 E_pred 0.022
[Train][97] Acc: source 0.994 (7412.0/7459) target 0.575 (30263.0/52541)
[Train][98] Loss: D 0.088 E_gan -0.088 E_pred 0.028
[Train][98] Acc: source 0.992 (7288.0/7349) target 0.579 (30406.0/52651)
[Train][99] Loss: D 0.088 E_gan -0.088 E_pred 0.022
[Train][99] Acc: source 0.995 (7351.0/7390) target 0.576 (30329.0/52610)

Eval MNIST: [0.995 0.8   0.332 0.493 0.502 0.517 0.546 0.81 ] src: 0.995 tgt:0.571
